
*** Running vivado
    with args -log Top.vds -m64 -product Vivado -mode batch -messageDb vivado.pb -notrace -source Top.tcl



****** Vivado v2020.2 (64-bit)
  **** SW Build 3064766 on Wed Nov 18 09:12:45 MST 2020
  **** IP Build 3064653 on Wed Nov 18 14:17:31 MST 2020
    ** Copyright 1986-2020 Xilinx, Inc. All Rights Reserved.

source Top.tcl -notrace
INFO: [IP_Flow 19-234] Refreshing IP repositories
INFO: [IP_Flow 19-1700] Loaded user IP repository 'c:/Users/LiuUtin/Desktop/Green_Cube/ip'.
INFO: [IP_Flow 19-2313] Loaded Vivado IP repository 'C:/Xilinx/Vivado/2020.2/data/ip'.
Command: synth_design -top Top -part xc7a35tcpg236-1
Starting synth_design
Attempting to get a license for feature 'Synthesis' and/or device 'xc7a35t'
INFO: [Common 17-349] Got license for feature 'Synthesis' and/or device 'xc7a35t'
INFO: [Device 21-403] Loading part xc7a35tcpg236-1
INFO: [Synth 8-7079] Multithreading enabled for synth_design using a maximum of 2 processes.
INFO: [Synth 8-7078] Launching helper process for spawning children vivado processes
INFO: [Synth 8-7075] Helper process launched with PID 15368
---------------------------------------------------------------------------------
Starting RTL Elaboration : Time (s): cpu = 00:00:02 ; elapsed = 00:00:03 . Memory (MB): peak = 1018.934 ; gain = 0.000
---------------------------------------------------------------------------------
INFO: [Synth 8-6157] synthesizing module 'Top' [C:/Users/LiuUtin/Desktop/Green_Cube/top.v:1]
	Parameter KEY_A bound to: 9'b000011100 
	Parameter KEY_D bound to: 9'b000100011 
INFO: [Synth 8-6157] synthesizing module 'clk_div' [C:/Users/LiuUtin/Desktop/Green_Cube/clk_div.v:1]
	Parameter n bound to: 2 - type: integer 
INFO: [Synth 8-6155] done synthesizing module 'clk_div' (1#1) [C:/Users/LiuUtin/Desktop/Green_Cube/clk_div.v:1]
INFO: [Synth 8-6157] synthesizing module 'clk_vga' [C:/Users/LiuUtin/Desktop/Green_Cube/clk_vga.v:1]
INFO: [Synth 8-6155] done synthesizing module 'clk_vga' (2#1) [C:/Users/LiuUtin/Desktop/Green_Cube/clk_vga.v:1]
INFO: [Synth 8-6157] synthesizing module 'clk_floor' [C:/Users/LiuUtin/Desktop/Green_Cube/clk_floor.v:1]
INFO: [Synth 8-6155] done synthesizing module 'clk_floor' (3#1) [C:/Users/LiuUtin/Desktop/Green_Cube/clk_floor.v:1]
INFO: [Synth 8-6157] synthesizing module 'debounce' [C:/Users/LiuUtin/Desktop/Green_Cube/debounce.v:1]
INFO: [Synth 8-6155] done synthesizing module 'debounce' (4#1) [C:/Users/LiuUtin/Desktop/Green_Cube/debounce.v:1]
INFO: [Synth 8-6157] synthesizing module 'onepulse' [C:/Users/LiuUtin/Desktop/Green_Cube/onepulse.v:1]
INFO: [Synth 8-6155] done synthesizing module 'onepulse' (5#1) [C:/Users/LiuUtin/Desktop/Green_Cube/onepulse.v:1]
INFO: [Synth 8-6157] synthesizing module 'pixel_gen' [C:/Users/LiuUtin/Desktop/Green_Cube/pixel_gen.v:1]
INFO: [Synth 8-6155] done synthesizing module 'pixel_gen' (6#1) [C:/Users/LiuUtin/Desktop/Green_Cube/pixel_gen.v:1]
INFO: [Synth 8-6157] synthesizing module 'floor_gen' [C:/Users/LiuUtin/Desktop/Green_Cube/floor.v:1]
INFO: [Synth 8-6155] done synthesizing module 'floor_gen' (7#1) [C:/Users/LiuUtin/Desktop/Green_Cube/floor.v:1]
INFO: [Synth 8-6157] synthesizing module 'slime_move' [C:/Users/LiuUtin/Desktop/Green_Cube/slime_move.v:1]
	Parameter INIT bound to: 2'b00 
	Parameter LEFT bound to: 2'b01 
	Parameter RIGHT bound to: 2'b10 
	Parameter JUMP_UP bound to: 1'b0 
	Parameter FALL_DOWN bound to: 1'b1 
INFO: [Synth 8-6155] done synthesizing module 'slime_move' (8#1) [C:/Users/LiuUtin/Desktop/Green_Cube/slime_move.v:1]
INFO: [Synth 8-6157] synthesizing module 'KeyboardDecoder' [C:/Users/LiuUtin/Desktop/Green_Cube/KeyboardDecoder.v:1]
	Parameter INIT bound to: 2'b00 
	Parameter WAIT_FOR_SIGNAL bound to: 2'b01 
	Parameter GET_SIGNAL_DOWN bound to: 2'b10 
	Parameter WAIT_RELEASE bound to: 2'b11 
	Parameter IS_INIT bound to: 8'b10101010 
	Parameter IS_EXTEND bound to: 8'b11100000 
	Parameter IS_BREAK bound to: 8'b11110000 
INFO: [Synth 8-6157] synthesizing module 'KeyboardCtrl_0' [C:/Users/LiuUtin/Desktop/Green_Cube/Green_Cube/Green_Cube.runs/synth_1/.Xil/Vivado-948-MSI-Modern-14-B11M/realtime/KeyboardCtrl_0_stub.v:6]
INFO: [Synth 8-6155] done synthesizing module 'KeyboardCtrl_0' (9#1) [C:/Users/LiuUtin/Desktop/Green_Cube/Green_Cube/Green_Cube.runs/synth_1/.Xil/Vivado-948-MSI-Modern-14-B11M/realtime/KeyboardCtrl_0_stub.v:6]
INFO: [Synth 8-226] default block is never used [C:/Users/LiuUtin/Desktop/Green_Cube/KeyboardDecoder.v:69]
INFO: [Synth 8-226] default block is never used [C:/Users/LiuUtin/Desktop/Green_Cube/KeyboardDecoder.v:79]
INFO: [Synth 8-226] default block is never used [C:/Users/LiuUtin/Desktop/Green_Cube/KeyboardDecoder.v:89]
INFO: [Synth 8-226] default block is never used [C:/Users/LiuUtin/Desktop/Green_Cube/KeyboardDecoder.v:99]
INFO: [Synth 8-226] default block is never used [C:/Users/LiuUtin/Desktop/Green_Cube/KeyboardDecoder.v:109]
INFO: [Synth 8-6155] done synthesizing module 'KeyboardDecoder' (10#1) [C:/Users/LiuUtin/Desktop/Green_Cube/KeyboardDecoder.v:1]
INFO: [Synth 8-6157] synthesizing module 'vga_controller' [C:/Users/LiuUtin/Desktop/Green_Cube/vga_controller.v:1]
INFO: [Synth 8-6155] done synthesizing module 'vga_controller' (11#1) [C:/Users/LiuUtin/Desktop/Green_Cube/vga_controller.v:1]
INFO: [Synth 8-6155] done synthesizing module 'Top' (12#1) [C:/Users/LiuUtin/Desktop/Green_Cube/top.v:1]
---------------------------------------------------------------------------------
Finished RTL Elaboration : Time (s): cpu = 00:00:03 ; elapsed = 00:00:04 . Memory (MB): peak = 1018.934 ; gain = 0.000
---------------------------------------------------------------------------------
---------------------------------------------------------------------------------
Start Handling Custom Attributes
---------------------------------------------------------------------------------
---------------------------------------------------------------------------------
Finished Handling Custom Attributes : Time (s): cpu = 00:00:03 ; elapsed = 00:00:05 . Memory (MB): peak = 1018.934 ; gain = 0.000
---------------------------------------------------------------------------------
---------------------------------------------------------------------------------
Finished RTL Optimization Phase 1 : Time (s): cpu = 00:00:03 ; elapsed = 00:00:05 . Memory (MB): peak = 1018.934 ; gain = 0.000
---------------------------------------------------------------------------------
Netlist sorting complete. Time (s): cpu = 00:00:00 ; elapsed = 00:00:00.028 . Memory (MB): peak = 1018.934 ; gain = 0.000
INFO: [Project 1-570] Preparing netlist for logic optimization

Processing XDC Constraints
Initializing timing engine
Parsing XDC File [c:/Users/LiuUtin/Desktop/Green_Cube/Green_Cube/Green_Cube.gen/sources_1/ip/KeyboardCtrl_0/KeyboardCtrl_0/KeyboardCtrl_0_in_context.xdc] for cell 'key_de/inst'
Finished Parsing XDC File [c:/Users/LiuUtin/Desktop/Green_Cube/Green_Cube/Green_Cube.gen/sources_1/ip/KeyboardCtrl_0/KeyboardCtrl_0/KeyboardCtrl_0_in_context.xdc] for cell 'key_de/inst'
Parsing XDC File [C:/Users/LiuUtin/Desktop/Green_Cube/cons.xdc]
Finished Parsing XDC File [C:/Users/LiuUtin/Desktop/Green_Cube/cons.xdc]
INFO: [Project 1-236] Implementation specific constraints were found while reading constraint file [C:/Users/LiuUtin/Desktop/Green_Cube/cons.xdc]. These constraints will be ignored for synthesis but will be used in implementation. Impacted constraints are listed in the file [.Xil/Top_propImpl.xdc].
Resolution: To avoid this warning, move constraints listed in [.Xil/Top_propImpl.xdc] to another XDC file and exclude this new file from synthesis with the used_in_synthesis property (File Properties dialog in GUI) and re-run elaboration/synthesis.
Completed Processing XDC Constraints

Netlist sorting complete. Time (s): cpu = 00:00:00 ; elapsed = 00:00:00 . Memory (MB): peak = 1066.977 ; gain = 0.000
INFO: [Project 1-111] Unisim Transformation Summary:
No Unisim elements were transformed.

Constraint Validation Runtime : Time (s): cpu = 00:00:00 ; elapsed = 00:00:00.006 . Memory (MB): peak = 1066.977 ; gain = 0.000
---------------------------------------------------------------------------------
Finished Constraint Validation : Time (s): cpu = 00:00:07 ; elapsed = 00:00:10 . Memory (MB): peak = 1066.977 ; gain = 48.043
---------------------------------------------------------------------------------
---------------------------------------------------------------------------------
Start Loading Part and Timing Information
---------------------------------------------------------------------------------
Loading part: xc7a35tcpg236-1
---------------------------------------------------------------------------------
Finished Loading Part and Timing Information : Time (s): cpu = 00:00:07 ; elapsed = 00:00:10 . Memory (MB): peak = 1066.977 ; gain = 48.043
---------------------------------------------------------------------------------
---------------------------------------------------------------------------------
Start Applying 'set_property' XDC Constraints
---------------------------------------------------------------------------------
Applied set_property IO_BUFFER_TYPE = NONE for PS2_CLK. (constraint file  c:/Users/LiuUtin/Desktop/Green_Cube/Green_Cube/Green_Cube.gen/sources_1/ip/KeyboardCtrl_0/KeyboardCtrl_0/KeyboardCtrl_0_in_context.xdc, line 1).
Applied set_property CLOCK_BUFFER_TYPE = NONE for PS2_CLK. (constraint file  c:/Users/LiuUtin/Desktop/Green_Cube/Green_Cube/Green_Cube.gen/sources_1/ip/KeyboardCtrl_0/KeyboardCtrl_0/KeyboardCtrl_0_in_context.xdc, line 2).
Applied set_property IO_BUFFER_TYPE = NONE for PS2_DATA. (constraint file  c:/Users/LiuUtin/Desktop/Green_Cube/Green_Cube/Green_Cube.gen/sources_1/ip/KeyboardCtrl_0/KeyboardCtrl_0/KeyboardCtrl_0_in_context.xdc, line 3).
Applied set_property CLOCK_BUFFER_TYPE = NONE for PS2_DATA. (constraint file  c:/Users/LiuUtin/Desktop/Green_Cube/Green_Cube/Green_Cube.gen/sources_1/ip/KeyboardCtrl_0/KeyboardCtrl_0/KeyboardCtrl_0_in_context.xdc, line 4).
Applied set_property KEEP_HIERARCHY = SOFT for key_de/inst. (constraint file  auto generated constraint).
---------------------------------------------------------------------------------
Finished applying 'set_property' XDC Constraints : Time (s): cpu = 00:00:07 ; elapsed = 00:00:10 . Memory (MB): peak = 1066.977 ; gain = 48.043
---------------------------------------------------------------------------------
INFO: [Synth 8-802] inferred FSM for state register 'state_reg' in module 'KeyboardDecoder'
---------------------------------------------------------------------------------------------------
                   State |                     New Encoding |                Previous Encoding 
---------------------------------------------------------------------------------------------------
                    INIT |                               00 |                               00
         WAIT_FOR_SIGNAL |                               01 |                               01
         GET_SIGNAL_DOWN |                               10 |                               10
            WAIT_RELEASE |                               11 |                               11
---------------------------------------------------------------------------------------------------
INFO: [Synth 8-3354] encoded FSM with state register 'state_reg' using encoding 'sequential' in module 'KeyboardDecoder'
---------------------------------------------------------------------------------
Finished RTL Optimization Phase 2 : Time (s): cpu = 00:00:07 ; elapsed = 00:00:10 . Memory (MB): peak = 1066.977 ; gain = 48.043
---------------------------------------------------------------------------------
---------------------------------------------------------------------------------
Start RTL Component Statistics 
---------------------------------------------------------------------------------
Detailed RTL Component Info : 
+---Adders : 
	   2 Input   32 Bit       Adders := 8     
	   3 Input   11 Bit       Adders := 17    
	   2 Input   11 Bit       Adders := 1     
	   2 Input   10 Bit       Adders := 34    
	   2 Input    9 Bit       Adders := 1     
	   3 Input    5 Bit       Adders := 2     
	   2 Input    2 Bit       Adders := 1     
+---Registers : 
	              512 Bit    Registers := 1     
	               10 Bit    Registers := 25    
	                9 Bit    Registers := 1     
	                8 Bit    Registers := 1     
	                4 Bit    Registers := 1     
	                2 Bit    Registers := 3     
	                1 Bit    Registers := 12    
+---Muxes : 
	   2 Input  512 Bit        Muxes := 1     
	   2 Input   10 Bit        Muxes := 14    
	   3 Input   10 Bit        Muxes := 1     
	   4 Input   10 Bit        Muxes := 1     
	   2 Input    9 Bit        Muxes := 11    
	   9 Input    4 Bit        Muxes := 1     
	   2 Input    4 Bit        Muxes := 1     
	   4 Input    4 Bit        Muxes := 1     
	   3 Input    2 Bit        Muxes := 2     
	   4 Input    2 Bit        Muxes := 1     
	   2 Input    2 Bit        Muxes := 4     
	   2 Input    1 Bit        Muxes := 36    
	   3 Input    1 Bit        Muxes := 3     
	   8 Input    1 Bit        Muxes := 1     
	   4 Input    1 Bit        Muxes := 7     
---------------------------------------------------------------------------------
Finished RTL Component Statistics 
---------------------------------------------------------------------------------
---------------------------------------------------------------------------------
Start Part Resource Summary
---------------------------------------------------------------------------------
Part Resources:
DSPs: 90 (col length:60)
BRAMs: 100 (col length: RAMB18 60 RAMB36 30)
---------------------------------------------------------------------------------
Finished Part Resource Summary
---------------------------------------------------------------------------------
---------------------------------------------------------------------------------
Start Cross Boundary and Area Optimization
---------------------------------------------------------------------------------
---------------------------------------------------------------------------------
Finished Cross Boundary and Area Optimization : Time (s): cpu = 00:00:14 ; elapsed = 00:00:19 . Memory (MB): peak = 1066.977 ; gain = 48.043
---------------------------------------------------------------------------------
---------------------------------------------------------------------------------
Start ROM, RAM, DSP, Shift Register and Retiming Reporting
---------------------------------------------------------------------------------

ROM: Preliminary Mapping	Report
+------------+------------+---------------+----------------+
|Module Name | RTL Object | Depth x Width | Implemented As | 
+------------+------------+---------------+----------------+
|pixel_gen   | slime_face | 32x9          | LUT            | 
|pixel_gen   | slime_face | 32x9          | LUT            | 
+------------+------------+---------------+----------------+

---------------------------------------------------------------------------------
Finished ROM, RAM, DSP, Shift Register and Retiming Reporting
---------------------------------------------------------------------------------
---------------------------------------------------------------------------------
Start Applying XDC Timing Constraints
---------------------------------------------------------------------------------
---------------------------------------------------------------------------------
Finished Applying XDC Timing Constraints : Time (s): cpu = 00:00:18 ; elapsed = 00:00:24 . Memory (MB): peak = 1066.977 ; gain = 48.043
---------------------------------------------------------------------------------
---------------------------------------------------------------------------------
Start Timing Optimization
---------------------------------------------------------------------------------
---------------------------------------------------------------------------------
Finished Timing Optimization : Time (s): cpu = 00:00:18 ; elapsed = 00:00:24 . Memory (MB): peak = 1066.977 ; gain = 48.043
---------------------------------------------------------------------------------
---------------------------------------------------------------------------------
Start Technology Mapping
---------------------------------------------------------------------------------
---------------------------------------------------------------------------------
Finished Technology Mapping : Time (s): cpu = 00:00:19 ; elapsed = 00:00:24 . Memory (MB): peak = 1088.867 ; gain = 69.934
---------------------------------------------------------------------------------
---------------------------------------------------------------------------------
Start IO Insertion
---------------------------------------------------------------------------------
---------------------------------------------------------------------------------
Start Flattening Before IO Insertion
---------------------------------------------------------------------------------
---------------------------------------------------------------------------------
Finished Flattening Before IO Insertion
---------------------------------------------------------------------------------
---------------------------------------------------------------------------------
Start Final Netlist Cleanup
---------------------------------------------------------------------------------
---------------------------------------------------------------------------------
Finished Final Netlist Cleanup
---------------------------------------------------------------------------------
---------------------------------------------------------------------------------
Finished IO Insertion : Time (s): cpu = 00:00:21 ; elapsed = 00:00:27 . Memory (MB): peak = 1103.734 ; gain = 84.801
---------------------------------------------------------------------------------
---------------------------------------------------------------------------------
Start Renaming Generated Instances
---------------------------------------------------------------------------------
---------------------------------------------------------------------------------
Finished Renaming Generated Instances : Time (s): cpu = 00:00:21 ; elapsed = 00:00:27 . Memory (MB): peak = 1103.734 ; gain = 84.801
---------------------------------------------------------------------------------
---------------------------------------------------------------------------------
Start Rebuilding User Hierarchy
---------------------------------------------------------------------------------
---------------------------------------------------------------------------------
Finished Rebuilding User Hierarchy : Time (s): cpu = 00:00:21 ; elapsed = 00:00:27 . Memory (MB): peak = 1103.734 ; gain = 84.801
---------------------------------------------------------------------------------
---------------------------------------------------------------------------------
Start Renaming Generated Ports
---------------------------------------------------------------------------------
---------------------------------------------------------------------------------
Finished Renaming Generated Ports : Time (s): cpu = 00:00:21 ; elapsed = 00:00:27 . Memory (MB): peak = 1103.734 ; gain = 84.801
---------------------------------------------------------------------------------
---------------------------------------------------------------------------------
Start Handling Custom Attributes
---------------------------------------------------------------------------------
---------------------------------------------------------------------------------
Finished Handling Custom Attributes : Time (s): cpu = 00:00:21 ; elapsed = 00:00:27 . Memory (MB): peak = 1103.734 ; gain = 84.801
---------------------------------------------------------------------------------
---------------------------------------------------------------------------------
Start Renaming Generated Nets
---------------------------------------------------------------------------------
---------------------------------------------------------------------------------
Finished Renaming Generated Nets : Time (s): cpu = 00:00:21 ; elapsed = 00:00:27 . Memory (MB): peak = 1103.734 ; gain = 84.801
---------------------------------------------------------------------------------
---------------------------------------------------------------------------------
Start Writing Synthesis Report
---------------------------------------------------------------------------------

Report BlackBoxes: 
+------+---------------+----------+
|      |BlackBox name  |Instances |
+------+---------------+----------+
|1     |KeyboardCtrl_0 |         1|
+------+---------------+----------+

Report Cell Usage: 
+------+-------------+------+
|      |Cell         |Count |
+------+-------------+------+
|1     |KeyboardCtrl |     1|
|2     |BUFG         |     1|
|3     |CARRY4       |   186|
|4     |LUT1         |    23|
|5     |LUT2         |   255|
|6     |LUT3         |    90|
|7     |LUT4         |   837|
|8     |LUT5         |   243|
|9     |LUT6         |   354|
|10    |MUXF7        |    70|
|11    |MUXF8        |    34|
|12    |FDCE         |   535|
|13    |FDRE         |   188|
|14    |FDSE         |    76|
|15    |IBUF         |     2|
|16    |OBUF         |    15|
+------+-------------+------+
---------------------------------------------------------------------------------
Finished Writing Synthesis Report : Time (s): cpu = 00:00:21 ; elapsed = 00:00:27 . Memory (MB): peak = 1103.734 ; gain = 84.801
---------------------------------------------------------------------------------
Synthesis finished with 0 errors, 0 critical warnings and 0 warnings.
Synthesis Optimization Runtime : Time (s): cpu = 00:00:17 ; elapsed = 00:00:25 . Memory (MB): peak = 1103.734 ; gain = 36.758
Synthesis Optimization Complete : Time (s): cpu = 00:00:21 ; elapsed = 00:00:27 . Memory (MB): peak = 1103.734 ; gain = 84.801
INFO: [Project 1-571] Translating synthesized netlist
Netlist sorting complete. Time (s): cpu = 00:00:00 ; elapsed = 00:00:00.024 . Memory (MB): peak = 1115.801 ; gain = 0.000
INFO: [Netlist 29-17] Analyzing 290 Unisim elements for replacement
INFO: [Netlist 29-28] Unisim Transformation completed in 0 CPU seconds
INFO: [Project 1-570] Preparing netlist for logic optimization
INFO: [Opt 31-138] Pushed 0 inverter(s) to 0 load pin(s).
Netlist sorting complete. Time (s): cpu = 00:00:00 ; elapsed = 00:00:00.001 . Memory (MB): peak = 1115.801 ; gain = 0.000
INFO: [Project 1-111] Unisim Transformation Summary:
No Unisim elements were transformed.

INFO: [Common 17-83] Releasing license: Synthesis
49 Infos, 0 Warnings, 0 Critical Warnings and 0 Errors encountered.
synth_design completed successfully
synth_design: Time (s): cpu = 00:00:25 ; elapsed = 00:00:32 . Memory (MB): peak = 1115.801 ; gain = 96.867
INFO: [Common 17-1381] The checkpoint 'C:/Users/LiuUtin/Desktop/Green_Cube/Green_Cube/Green_Cube.runs/synth_1/Top.dcp' has been generated.
INFO: [runtcl-4] Executing : report_utilization -file Top_utilization_synth.rpt -pb Top_utilization_synth.pb
INFO: [Common 17-206] Exiting Vivado at Thu Dec 21 22:07:54 2023...
