Copyright 1986-2020 Xilinx, Inc. All Rights Reserved.
------------------------------------------------------------------------------------
| Tool Version : Vivado v.2020.2 (win64) Build 3064766 Wed Nov 18 09:12:45 MST 2020
| Date         : Thu Dec 21 22:08:25 2023
| Host         : MSI-Modern-14-B11M running 64-bit major release  (build 9200)
| Command      : report_control_sets -verbose -file Top_control_sets_placed.rpt
| Design       : Top
| Device       : xc7a35t
------------------------------------------------------------------------------------

Control Set Information

Table of Contents
-----------------
1. Summary
2. Histogram
3. Flip-Flop Distribution
4. Detailed Control Set Information

1. Summary
----------

+----------------------------------------------------------+-------+
|                          Status                          | Count |
+----------------------------------------------------------+-------+
| Total control sets                                       |    18 |
|    Minimum number of control sets                        |    18 |
|    Addition due to synthesis replication                 |     0 |
|    Addition due to physical synthesis replication        |     0 |
| Unused register locations in slices containing registers |    54 |
+----------------------------------------------------------+-------+
* Control sets can be merged at opt_design using control_set_merge or merge_equivalent_drivers
** Run report_qor_suggestions for automated merging and remapping suggestions


2. Histogram
------------

+--------------------+-------+
|       Fanout       | Count |
+--------------------+-------+
| Total control sets |    18 |
| >= 0 to < 4        |     2 |
| >= 4 to < 6        |     1 |
| >= 6 to < 8        |     0 |
| >= 8 to < 10       |     3 |
| >= 10 to < 12      |     4 |
| >= 12 to < 14      |     0 |
| >= 14 to < 16      |     2 |
| >= 16              |     6 |
+--------------------+-------+
* Control sets can be remapped at either synth_design or opt_design


3. Flip-Flop Distribution
-------------------------

+--------------+-----------------------+------------------------+-----------------+--------------+
| Clock Enable | Synchronous Set/Reset | Asynchronous Set/Reset | Total Registers | Total Slices |
+--------------+-----------------------+------------------------+-----------------+--------------+
| No           | No                    | No                     |              15 |            9 |
| No           | No                    | Yes                    |              64 |           21 |
| No           | Yes                   | No                     |              51 |           18 |
| Yes          | No                    | No                     |               0 |            0 |
| Yes          | No                    | Yes                    |             562 |          163 |
| Yes          | Yes                   | No                     |             198 |           87 |
+--------------+-----------------------+------------------------+-----------------+--------------+


4. Detailed Control Set Information
-----------------------------------

+----------------+---------------------------------------------------+--------------------------+------------------+----------------+--------------+
|  Clock Signal  |                   Enable Signal                   |     Set/Reset Signal     | Slice Load Count | Bel Load Count | Bels / Slice |
+----------------+---------------------------------------------------+--------------------------+------------------+----------------+--------------+
|  clk_IBUF_BUFG | key_de/inst/inst/lock_status0                     | DB_RST/rst_db            |                1 |              2 |         2.00 |
|  CD0/Q[0]      |                                                   | DB_RST/rst_db            |                2 |              2 |         1.00 |
|  clk_IBUF_BUFG | key_de/inst/inst/Ps2Interface_i/bits_count        | DB_RST/rst_db            |                1 |              4 |         4.00 |
|  clk_IBUF_BUFG | SM/time_gap[8]_i_2_n_0                            | SM/time_gap[8]_i_1_n_0   |                4 |              8 |         2.00 |
|  clk_IBUF_BUFG | key_de/inst/inst/Ps2Interface_i/rx_valid          | DB_RST/rst_db            |                4 |              8 |         2.00 |
|  clk_IBUF_BUFG | key_de/inst/inst/Ps2Interface_i/rx_finish         | DB_RST/rst_db            |                2 |              8 |         4.00 |
|  clk_IBUF_BUFG | SM/x[9]_i_1_n_0                                   | DB_RST/rst_db            |                4 |             10 |         2.50 |
|  clk_IBUF_BUFG | SM/y[9]_i_1_n_0                                   | DB_RST/rst_db            |                6 |             10 |         1.67 |
|  CD0/Q[0]      | VC0/line_cnt                                      | VC0/line_cnt[9]_i_1_n_0  |                3 |             10 |         3.33 |
|  clk_IBUF_BUFG | key_de/inst/inst/Ps2Interface_i/frame[10]_i_1_n_0 | DB_RST/rst_db            |                3 |             11 |         3.67 |
|  CD0/Q[0]      |                                                   | VC0/pixel_cnt[9]_i_1_n_0 |                7 |             14 |         2.00 |
|  clk_IBUF_BUFG |                                                   |                          |                9 |             15 |         1.67 |
|  clk_IBUF_BUFG | key_de/next_key                                   | DB_RST/rst_db            |                7 |             17 |         2.43 |
|  clk_IBUF_BUFG |                                                   | rst_IBUF                 |                9 |             35 |         3.89 |
|  clk_IBUF_BUFG |                                                   | DB_RST/rst_db            |               21 |             64 |         3.05 |
|  clk_IBUF_BUFG | CF/counter_reg[1]_0[0]                            | DB_RST/rst_db            |               33 |             80 |         2.42 |
|  clk_IBUF_BUFG | CF/E[0]                                           | DB_RST/rst_db            |               37 |             80 |         2.16 |
|  clk_IBUF_BUFG | key_de/op/E[0]                                    | DB_RST/rst_db            |              145 |            512 |         3.53 |
+----------------+---------------------------------------------------+--------------------------+------------------+----------------+--------------+


